This is pdfeTeXk, Version 3.141592-1.20a-2.2 (Web2c 7.5.3) (format=latex 2010.7.6)  30 APR 2011 09:53
 Source specials enabled.
 %&-line parsing enabled.
**&latex referenceGuide.tex
(./referenceGuide.tex
LaTeX2e <2005/12/01>
(c:/Program Files (x86)/PCTeX/PCTeXv6/texmf-dist/tex/latex/base/refart.cls
Document Class: refart 2003/05/31 v2.0d LaTeX document class
(c:/Program Files (x86)/PCTeX/PCTeXv6/texmf-dist/tex/latex/base/size10.clo
File: size10.clo 2005/09/16 v1.4f Standard LaTeX file (size option)
)
\leftmarginwidth=\dimen102
\fullwidth=\dimen103
\emptyfoottopmargin=\dimen104
\emptyheadtopmargin=\dimen105
\c@part=\count79
\c@section=\count80
\c@subsection=\count81
\c@subsubsection=\count82
\c@paragraph=\count83
\c@subparagraph=\count84
\c@figure=\count85
\c@table=\count86
\abovecaptionskip=\skip41
\belowcaptionskip=\skip42
\bibindent=\dimen106
)
(c:/Program Files (x86)/PCTeX/PCTeXv6/texmf-dist/tex/latex/base/makeidx.sty
Package: makeidx 2000/03/29 v1.0m Standard LaTeX package
)
(c:/Program Files (x86)/PCTeX/PCTeXv6/texmf-dist/tex/latex/base/ifthen.sty
Package: ifthen 2001/05/26 v1.1c Standard LaTeX ifthen package (DPC)
)
(c:/PROGRA~2/PCTeX/PCTeXv6/texmf-pti/tex/tex/legacy/epsf.sty
This is `epsf.tex' v2.7 <25 October 1996>
\epsffilein=\read1
\epsfframemargin=\dimen107
\epsfframethickness=\dimen108
\epsfrsize=\dimen109
\epsftmp=\dimen110
\epsftsize=\dimen111
\epsfxsize=\dimen112
\epsfysize=\dimen113
\pspoints=\dimen114
) (c:/Program Files (x86)/PCTeX/PCTeXv6/texmf-dist/tex/latex/ltxmisc/url.sty
\Urlmuskip=\muskip10
Package: url 2005/06/27  ver 3.2  Verb mode for urls, etc.
)
\@indexfile=\write3
\openout3 = `referenceGuide.idx'.


Writing index file referenceGuide.idx
(./referenceGuide.aux)
\openout1 = `referenceGuide.aux'.

LaTeX Font Info:    Checking defaults for OML/cmm/m/it on input line 42.
LaTeX Font Info:    ... okay on input line 42.
LaTeX Font Info:    Checking defaults for T1/cmr/m/n on input line 42.
LaTeX Font Info:    ... okay on input line 42.
LaTeX Font Info:    Checking defaults for OT1/cmr/m/n on input line 42.
LaTeX Font Info:    ... okay on input line 42.
LaTeX Font Info:    Checking defaults for OMS/cmsy/m/n on input line 42.
LaTeX Font Info:    ... okay on input line 42.
LaTeX Font Info:    Checking defaults for OMX/cmex/m/n on input line 42.
LaTeX Font Info:    ... okay on input line 42.
LaTeX Font Info:    Checking defaults for U/cmr/m/n on input line 42.
LaTeX Font Info:    ... okay on input line 42.
LaTeX Font Info:    Font shape `OT1/cmtt/bx/n' in size <14.4> not available
(Font)              Font shape `OT1/cmtt/m/n' tried instead on input line 46.
 [1

] [2] (./referenceGuide.toc
LaTeX Font Info:    External font `cmex10' loaded for size
(Font)              <7> on input line 3.
LaTeX Font Info:    External font `cmex10' loaded for size
(Font)              <5> on input line 3.
)
\tf@toc=\write4
\openout4 = `referenceGuide.toc'.

 [3]
LaTeX Font Info:    External font `cmex10' loaded for size
(Font)              <9> on input line 76.
LaTeX Font Info:    External font `cmex10' loaded for size
(Font)              <6> on input line 76.
LaTeX Font Info:    Try loading font information for OMS+cmr on input line 80.

(c:/Program Files (x86)/PCTeX/PCTeXv6/texmf-dist/tex/latex/base/omscmr.fd
File: omscmr.fd 1999/05/25 v2.5h Standard LaTeX font definitions
)
LaTeX Font Info:    Font shape `OMS/cmr/m/n' in size <10> not available
(Font)              Font shape `OMS/cmsy/m/n' tried instead on input line 80.

[4] [5] [6] [7] [8] [9] [10]
LaTeX Font Info:    Font shape `OT1/cmtt/bx/n' in size <10> not available
(Font)              Font shape `OT1/cmtt/m/n' tried instead on input line 239.
 [11] [12] [13] [14] [15] [16] [17] [18] [19]
[20] [21]

LaTeX Warning: Marginpar on page 22 moved.

[22]
Missing character: There is no ’ in font cmr10!
 [23] [24]
Missing character: There is no ’ in font cmr10!
 [25] (./referenceGuide.bbl
Underfull \hbox (badness 1137) in paragraph at lines 50--56
\OT1/cmr/m/n/10 Driver 1.2.  $\OT1/cmtt/m/n/10 http : / / www . microsoft . com
 / downloads / en / details .
 []


Underfull \hbox (badness 2173) in paragraph at lines 63--67
[][]\OT1/cmr/m/n/10 Oracle Tech-nol-ogy Net-work.  Java.  $\OT1/cmtt/m/n/10 htt
p : / / www . oracle . com /
 []


Underfull \hbox (badness 2384) in paragraph at lines 81--85
[][]\OT1/cmr/m/n/10 Michael Radovich.  Github repos-i-tory.  $\OT1/cmtt/m/n/10 
https : / / github . com /
 []


Underfull \hbox (badness 3780) in paragraph at lines 87--91
[][]\OT1/cmr/m/n/10 TradeKing.  Fact-sheets.  $\OT1/cmtt/m/n/10 http : / / www 
. tradeking . com / p / home /
 []


Underfull \hbox (badness 10000) in paragraph at lines 93--99
[][]\OT1/cmr/m/n/10 TradeKing.  Selective-Beta: Get-ting Started!  $\OT1/cmtt/m
/n/10 http :
 []


Underfull \hbox (badness 10000) in paragraph at lines 93--99
\OT1/cmtt/m/n/10 / / community . tradeking . com / groups / tradeking-[]api / f
orum /
 []


Underfull \hbox (badness 10000) in paragraph at lines 93--99
\OT1/cmtt/m/n/10 topics / 6415-[]selective-[]beta-[]getting-[]started / forum _
 posts$\OT1/cmr/m/n/10 .
 []

[26]) (./referenceGuide.ind [27] [28


]) (./referenceGuide.aux) ) 
Here is how much of TeX's memory you used:
 597 strings out of 95375
 7195 string characters out of 1187511
 1048718 words of memory out of 2500000
 3589 multiletter control sequences out of 10000+50000
 9477 words of font info for 35 fonts, out of 1000000 for 2000
 14 hyphenation exceptions out of 8191
 23i,8n,20p,846b,321s stack positions out of 5000i,500n,1000p,200000b,5000s
 0 PDF objects out of 300000
 0 named destinations out of 131072
 1 words of extra memory for PDF output out of 65536

Output written on referenceGuide.dvi (28 pages, 65548 bytes).
